[2024. 02. 26. 16:59:17]
Az ::1 IP címről új LÁTOGATÁS történt
[2024. 02. 26. 16:59:17]
Az ::1 IP címről új LÁTOGATÁS történt
[2024. 02. 26. 16:59:24]
        Az ::1 IP címről új BEJEGYZÉS történt, tartalma: {"name":"11","email":"de@de.de","content":"11"} 
[2024. 02. 26. 16:59:24]
Az ::1 IP címről új LÁTOGATÁS történt
[2024. 02. 26. 16:59:24]
Az ::1 IP címről új LÁTOGATÁS történt
[2024. 02. 26. 16:59:32]
        Az ::1 IP címről új BEJEGYZÉS történt, tartalma: {"name":"2222","email":"de@de.de","content":"222"} 
[2024. 02. 26. 16:59:32]
Az ::1 IP címről új LÁTOGATÁS történt
[2024. 02. 26. 16:59:32]
Az ::1 IP címről új LÁTOGATÁS történt
[2024. 02. 26. 16:59:41]
        Az ::1 IP címről új BEJEGYZÉS történt, tartalma: {"name":"Árvíztűrő tükörfúrógép","email":"de@de.de","content":"Árvíztűrő tükörfúrógép"} 
[2024. 02. 26. 16:59:41]
Az ::1 IP címről új LÁTOGATÁS történt
[2024. 02. 26. 16:59:41]
Az ::1 IP címről új LÁTOGATÁS történt
[2024. 02. 26. 17:16:43]
Az ::1 IP címről új LÁTOGATÁS történt
[2024. 02. 26. 17:16:43]
Az ::1 IP címről új LÁTOGATÁS történt
[2024. 02. 26. 17:16:45]
Az ::1 IP címről új LÁTOGATÁS történt
[2024. 02. 26. 17:16:45]
Az ::1 IP címről új LÁTOGATÁS történt
[2024. 02. 26. 17:16:49]
        Az ::1 IP címről új BEJEGYZÉS történt, tartalma: {"name":"éáőúlh45","email":"de@de.de","content":"éáőúlh45"} 
[2024. 02. 26. 17:16:50]
Az ::1 IP címről új LÁTOGATÁS történt
[2024. 02. 26. 17:16:50]
Az ::1 IP címről új LÁTOGATÁS történt
[2024. 02. 26. 17:16:54]
        Az ::1 IP címről új BEJEGYZÉS történt, tartalma: {"name":"éáőúlh45","email":"de@de.de","content":"éáőúlh45"} 
[2024. 02. 26. 17:16:54]
Az ::1 IP címről új LÁTOGATÁS történt
[2024. 02. 26. 17:16:54]
Az ::1 IP címről új LÁTOGATÁS történt
[2024. 02. 26. 17:17:10]
        Az ::1 IP címről új BEJEGYZÉS történt, tartalma: {"name":"Árvíztűrő tükörfúrógép","email":"de@de.de","content":"Árvíztűrő tükörfúrógép"} 
[2024. 02. 26. 17:17:10]
Az ::1 IP címről új LÁTOGATÁS történt
[2024. 02. 26. 17:17:10]
Az ::1 IP címről új LÁTOGATÁS történt
